<component name="libraryTable">
  <library name="junit.jupiter.api" type="repository">
    <properties maven-id="org.junit.jupiter:junit-jupiter-api:5.1.0-M2" />
    <CLASSES>
      <root url="jar://$MAVEN_REPOSITORY$/org/junit/jupiter/junit-jupiter-api/5.1.0-M2/junit-jupiter-api-5.1.0-M2.jar!/" />
      <root url="jar://$MAVEN_REPOSITORY$/org/apiguardian/apiguardian-api/1.0.0/apiguardian-api-1.0.0.jar!/" />
      <root url="jar://$MAVEN_REPOSITORY$/org/opentest4j/opentest4j/1.0.0/opentest4j-1.0.0.jar!/" />
      <root url="jar://$MAVEN_REPOSITORY$/org/junit/platform/junit-platform-commons/1.1.0-M2/junit-platform-commons-1.1.0-M2.jar!/" />
    </CLASSES>
    <JAVADOC />
    <SOURCES />
  </library>
</component>